<?xml version="1.0" encoding="UTF-8"?>
<!-- Generated by org.testng.reporters.JUnitXMLReporter -->
<testsuite ignored="0" hostname="DESKTOP-EAUOINI" failures="1" tests="3" name="Test" time="39.221" errors="0" timestamp="2024-07-31T15:43:21 IST">
  <testcase classname="TestCases.CreateOrganizationWithIndustry" name="createOrganization" time="8.941"/>
  <testcase classname="TestCases.CreateOrganiztion" name="createOrganization" time="0.001">
    <failure type="java.lang.Error" message="Unresolved compilation problem: 
	The method contains(CharSequence) in the type String is not applicable for the arguments ()
">
      <![CDATA[java.lang.Error: Unresolved compilation problem: 
The method contains(CharSequence) in the type String is not applicable for the arguments ()

at TestCases.CreateOrganiztion.createOrganization(CreateOrganiztion.java:33)
at java.base/java.util.ArrayList.forEach(ArrayList.java:1511)
... Removed 27 stack frames]]>
    </failure>
  </testcase> <!-- createOrganization -->
  <testcase classname="TestCases.CreateContact" name="createContact" time="6.724"/>
</testsuite> <!-- Test -->
